Application/build/outputs/logs/manifest-merger-debug-report.txt
-- Merging decision tree log ---
manifest
ADDED from src\main\AndroidManifest.xml:18:1-58:12
	package
		ADDED from src\main\AndroidManifest.xml:19:5-47
	xmlns:android
		ADDED from src\main\AndroidManifest.xml:18:11-69
uses-permission#android.permission.CAMERA
ADDED from src\main\AndroidManifest.xml:21:5-65
	android:name
		ADDED from src\main\AndroidManifest.xml:21:22-62
uses-feature#android.hardware.camera
ADDED from src\main\AndroidManifest.xml:23:5-60
	android:name
		ADDED from src\main\AndroidManifest.xml:23:19-57
uses-feature#android.hardware.camera.autofocus
ADDED from src\main\AndroidManifest.xml:24:5-70
	android:name
		ADDED from src\main\AndroidManifest.xml:24:19-67
uses-permission#android.permission.BLUETOOTH
ADDED from src\main\AndroidManifest.xml:26:5-68
MERGED from [com.thalmic:myosdk:0.10.0] AndroidManifest.xml:11:5-68
	android:name
		ADDED from src\main\AndroidManifest.xml:26:22-65
uses-permission#android.permission.BLUETOOTH_ADMIN
ADDED from src\main\AndroidManifest.xml:27:5-74
MERGED from [com.thalmic:myosdk:0.10.0] AndroidManifest.xml:12:5-74
	android:name
		ADDED from src\main\AndroidManifest.xml:27:22-71
uses-permission#android.permission.INTERNET
ADDED from src\main\AndroidManifest.xml:28:5-67
MERGED from [com.thalmic:myosdk:0.10.0] AndroidManifest.xml:13:5-67
	android:name
		ADDED from src\main\AndroidManifest.xml:28:22-64
uses-permission#android.permission.ACCESS_COARSE_LOCATION
ADDED from src\main\AndroidManifest.xml:30:5-81
	android:name
		ADDED from src\main\AndroidManifest.xml:30:22-78
uses-permission#android.permission.ACCESS_FINE_LOCATION
ADDED from src\main\AndroidManifest.xml:31:5-79
	android:name
		ADDED from src\main\AndroidManifest.xml:31:22-76
uses-feature#android.hardware.bluetooth_le
ADDED from src\main\AndroidManifest.xml:33:5-35:35
	android:required
		ADDED from src\main\AndroidManifest.xml:35:9-32
	android:name
		ADDED from src\main\AndroidManifest.xml:34:9-53
application
ADDED from src\main\AndroidManifest.xml:37:5-56:19
MERGED from [com.thalmic:myosdk:0.10.0] AndroidManifest.xml:15:5-20:19
MERGED from [com.android.support:support-v4:24.1.1] AndroidManifest.xml:25:5-20
MERGED from [com.android.support:support-v13:24.1.1] AndroidManifest.xml:25:5-20
MERGED from [com.android.support:support-v4:24.1.1] AndroidManifest.xml:25:5-20
MERGED from [com.android.support:cardview-v7:24.1.1] AndroidManifest.xml:22:5-20
MERGED from [com.android.support:appcompat-v7:24.1.1] AndroidManifest.xml:25:5-20
MERGED from [com.android.support:animated-vector-drawable:24.1.1] AndroidManifest.xml:22:5-20
MERGED from [com.android.support:support-vector-drawable:24.1.1] AndroidManifest.xml:23:5-20
MERGED from [com.android.support:support-v4:24.1.1] AndroidManifest.xml:25:5-20
MERGED from [com.android.support:support-v4:24.1.1] AndroidManifest.xml:25:5-20
MERGED from [com.android.support:support-vector-drawable:24.1.1] AndroidManifest.xml:23:5-20
MERGED from [com.android.support:support-v4:24.1.1] AndroidManifest.xml:25:5-20
	android:label
		ADDED from src\main\AndroidManifest.xml:38:9-41
	android:allowBackup
		ADDED from src\main\AndroidManifest.xml:37:18-44
	android:icon
		ADDED from src\main\AndroidManifest.xml:39:9-45
	android:theme
		ADDED from src\main\AndroidManifest.xml:40:9-45
activity#sequoia.hack.MainActivity
ADDED from src\main\AndroidManifest.xml:42:9-48:19
	android:label
		ADDED from src\main\AndroidManifest.xml:43:18-50
	android:name
		ADDED from src\main\AndroidManifest.xml:42:19-59
intent-filter#android.intent.action.MAIN+android.intent.category.LAUNCHER
ADDED from src\main\AndroidManifest.xml:44:12-47:28
action#android.intent.action.MAIN
ADDED from src\main\AndroidManifest.xml:45:16-68
	android:name
		ADDED from src\main\AndroidManifest.xml:45:24-65
category#android.intent.category.LAUNCHER
ADDED from src\main\AndroidManifest.xml:46:16-76
	android:name
		ADDED from src\main\AndroidManifest.xml:46:26-73
uses-sdk
INJECTED from src\main\AndroidManifest.xml reason: use-sdk injection requested
MERGED from [com.thalmic:myosdk:0.10.0] AndroidManifest.xml:7:5-9:41
MERGED from [com.android.support:support-v4:24.1.1] AndroidManifest.xml:21:5-23:54
MERGED from [com.android.support:support-v13:24.1.1] AndroidManifest.xml:21:5-23:55
MERGED from [com.android.support:support-v4:24.1.1] AndroidManifest.xml:21:5-23:54
MERGED from [com.android.support:cardview-v7:24.1.1] AndroidManifest.xml:20:5-43
MERGED from [com.android.support:appcompat-v7:24.1.1] AndroidManifest.xml:21:5-23:78
MERGED from [com.android.support:animated-vector-drawable:24.1.1] AndroidManifest.xml:20:5-44
MERGED from [com.android.support:support-vector-drawable:24.1.1] AndroidManifest.xml:21:5-43
MERGED from [com.android.support:support-v4:24.1.1] AndroidManifest.xml:21:5-23:54
MERGED from [com.android.support:support-v4:24.1.1] AndroidManifest.xml:21:5-23:54
MERGED from [com.android.support:support-vector-drawable:24.1.1] AndroidManifest.xml:21:5-43
MERGED from [com.android.support:support-v4:24.1.1] AndroidManifest.xml:21:5-23:54
	tools:overrideLibrary
		ADDED from [com.android.support:support-v4:24.1.1] AndroidManifest.xml:23:9-51
	android:targetSdkVersion
		INJECTED from src\main\AndroidManifest.xml
		INJECTED from src\main\AndroidManifest.xml
	android:minSdkVersion
		INJECTED from src\main\AndroidManifest.xml
		INJECTED from src\main\AndroidManifest.xml
activity#com.thalmic.myo.scanner.ScanActivity
ADDED from [com.thalmic:myosdk:0.10.0] AndroidManifest.xml:16:9-19:64
	android:label
		ADDED from [com.thalmic:myosdk:0.10.0] AndroidManifest.xml:18:13-64
	android:theme
		ADDED from [com.thalmic:myosdk:0.10.0] AndroidManifest.xml:19:13-61
	android:name
		ADDED from [com.thalmic:myosdk:0.10.0] AndroidManifest.xml:17:13-64